# JRE version: Java(TM) SE Runtime Environment (7.0_45-b18) (build 1.7.0_45-b18)
# Java VM: Java HotSpot(TM) Client VM (24.45-b08 mixed mode, sharing windows-x86 )
Heap
 def new generation   total 4928K, used 3178K [0x24a70000, 0x24fc0000, 0x29fc0000)
  eden space 4416K,  71% used [0x24a70000, 0x24d88420, 0x24ec0000)
  from space 512K,   1% used [0x24ec0000, 0x24ec23e8, 0x24f40000)
  to   space 512K,   0% used [0x24f40000, 0x24f40000, 0x24fc0000)
 tenured generation   total 10944K, used 4899K [0x29fc0000, 0x2aa70000, 0x34a70000)
   the space 10944K,  44% used [0x29fc0000, 0x2a488fa0, 0x2a489000, 0x2aa70000)
 compacting perm gen  total 12288K, used 1331K [0x34a70000, 0x35670000, 0x38a70000)
   the space 12288K,  10% used [0x34a70000, 0x34bbceb8, 0x34bbd000, 0x35670000)
    ro space 10240K,  41% used [0x38a70000, 0x38ea1a78, 0x38ea1c00, 0x39470000)
    rw space 12288K,  52% used [0x39470000, 0x39ab62c0, 0x39ab6400, 0x3a070000)
GC Heap History (4 events):
Event: 2.590 GC heap before
{Heap before GC invocations=0 (full 0):
 def new generation   total 4928K, used 4416K [0x24a70000, 0x24fc0000, 0x29fc0000)
  eden space 4416K, 100% used [0x24a70000, 0x24ec0000, 0x24ec0000)
  from space 512K,   0% used [0x24ec0000, 0x24ec0000, 0x24f40000)
  to   space 512K,   0% used [0x24f40000, 0x24f40000, 0x24fc0000)
 tenured generation   total 10944K, used 0K [0x29fc0000, 0x2aa70000, 0x34a70000)
   the space 10944K,   0% used [0x29fc0000, 0x29fc0000, 0x29fc0200, 0x2aa70000)
 compacting perm gen  total 12288K, used 1148K [0x34a70000, 0x35670000, 0x38a70000)
   the space 12288K,   9% used [0x34a70000, 0x34b8f038, 0x34b8f200, 0x35670000)
    ro space 10240K,  41% used [0x38a70000, 0x38ea1a78, 0x38ea1c00, 0x39470000)
    rw space 12288K,  52% used [0x39470000, 0x39ab62c0, 0x39ab6400, 0x3a070000)
Event: 2.596 GC heap after
Heap after GC invocations=1 (full 0):
 def new generation   total 4928K, used 512K [0x24a70000, 0x24fc0000, 0x29fc0000)
  eden space 4416K,   0% used [0x24a70000, 0x24a70000, 0x24ec0000)
  from space 512K, 100% used [0x24f40000, 0x24fc0000, 0x24fc0000)
  to   space 512K,   0% used [0x24ec0000, 0x24ec0000, 0x24f40000)
 tenured generation   total 10944K, used 1799K [0x29fc0000, 0x2aa70000, 0x34a70000)
   the space 10944K,  16% used [0x29fc0000, 0x2a181cf8, 0x2a181e00, 0x2aa70000)
 compacting perm gen  total 12288K, used 1148K [0x34a70000, 0x35670000, 0x38a70000)
   the space 12288K,   9% used [0x34a70000, 0x34b8f038, 0x34b8f200, 0x35670000)
    ro space 10240K,  41% used [0x38a70000, 0x38ea1a78, 0x38ea1c00, 0x39470000)
    rw space 12288K,  52% used [0x39470000, 0x39ab62c0, 0x39ab6400, 0x3a070000)
}
Event: 33.204 GC heap before
{Heap before GC invocations=1 (full 0):
 def new generation   total 4928K, used 4928K [0x24a70000, 0x24fc0000, 0x29fc0000)
  eden space 4416K, 100% used [0x24a70000, 0x24ec0000, 0x24ec0000)
  from space 512K, 100% used [0x24f40000, 0x24fc0000, 0x24fc0000)
  to   space 512K,   0% used [0x24ec0000, 0x24ec0000, 0x24f40000)
 tenured generation   total 10944K, used 1799K [0x29fc0000, 0x2aa70000, 0x34a70000)
   the space 10944K,  16% used [0x29fc0000, 0x2a181cf8, 0x2a181e00, 0x2aa70000)
 compacting perm gen  total 12288K, used 1151K [0x34a70000, 0x35670000, 0x38a70000)
   the space 12288K,   9% used [0x34a70000, 0x34b8fc60, 0x34b8fe00, 0x35670000)
    ro space 10240K,  41% used [0x38a70000, 0x38ea1a78, 0x38ea1c00, 0x39470000)
    rw space 12288K,  52% used [0x39470000, 0x39ab62c0, 0x39ab6400, 0x3a070000)
Event: 33.209 GC heap after
Heap after GC invocations=2 (full 0):
 def new generation   total 4928K, used 8K [0x24a70000, 0x24fc0000, 0x29fc0000)
  eden space 4416K,   0% used [0x24a70000, 0x24a70000, 0x24ec0000)
  from space 512K,   1% used [0x24ec0000, 0x24ec23e8, 0x24f40000)
  to   space 512K,   0% used [0x24f40000, 0x24f40000, 0x24fc0000)
 tenured generation   total 10944K, used 4899K [0x29fc0000, 0x2aa70000, 0x34a70000)
   the space 10944K,  44% used [0x29fc0000, 0x2a488fa0, 0x2a489000, 0x2aa70000)
 compacting perm gen  total 12288K, used 1151K [0x34a70000, 0x35670000, 0x38a70000)
   the space 12288K,   9% used [0x34a70000, 0x34b8fc60, 0x34b8fe00, 0x35670000)
    ro space 10240K,  41% used [0x38a70000, 0x38ea1a78, 0x38ea1c00, 0x39470000)
    rw space 12288K,  52% used [0x39470000, 0x39ab62c0, 0x39ab6400, 0x3a070000)
}

